# JRE version: OpenJDK Runtime Environment Temurin-17.0.9+9 (17.0.9+9) (build 17.0.9+9)
# Java VM: OpenJDK 64-Bit Server VM Temurin-17.0.9+9 (17.0.9+9, mixed mode, sharing, tiered, compressed oops, compressed class ptrs, g1 gc, windows-amd64)
GC Precious Log:
 CPUs: 12 total, 12 available
 Memory: 16068M
 Large Page Support: Disabled
 NUMA Support: Disabled
 Compressed Oops: Enabled (Zero based)
 Heap Region Size: 2M
 Heap Min Capacity: 8M
 Heap Initial Capacity: 252M
 Heap Max Capacity: 4018M
 Pre-touch: Disabled
 Parallel Workers: 10
 Concurrent Workers: 3
 Concurrent Refinement Workers: 10
 Periodic GC: Disabled
Heap:
 garbage-first heap   total 241664K, used 110314K [0x0000000704e00000, 0x0000000800000000)
  region size 2048K, 14 young (28672K), 3 survivors (6144K)
 Metaspace       used 35383K, committed 35840K, reserved 1114112K
  class space    used 3886K, committed 4096K, reserved 1048576K
GC Heap History (20 events):
Event: 1.944 GC heap before
{Heap before GC invocations=2 (full 0):
 garbage-first heap   total 258048K, used 156969K [0x0000000704e00000, 0x0000000800000000)
  region size 2048K, 75 young (153600K), 1 survivors (2048K)
 Metaspace       used 16087K, committed 16320K, reserved 1114112K
  class space    used 1842K, committed 1920K, reserved 1048576K
}
Event: 1.956 GC heap after
{Heap after GC invocations=3 (full 0):
 garbage-first heap   total 258048K, used 20354K [0x0000000704e00000, 0x0000000800000000)
  region size 2048K, 9 young (18432K), 9 survivors (18432K)
 Metaspace       used 16087K, committed 16320K, reserved 1114112K
  class space    used 1842K, committed 1920K, reserved 1048576K
}
Event: 2.881 GC heap before
{Heap before GC invocations=3 (full 0):
 garbage-first heap   total 258048K, used 92034K [0x0000000704e00000, 0x0000000800000000)
  region size 2048K, 46 young (94208K), 9 survivors (18432K)
 Metaspace       used 21239K, committed 21504K, reserved 1114112K
  class space    used 2467K, committed 2624K, reserved 1048576K
}
Event: 2.894 GC heap after
{Heap after GC invocations=4 (full 0):
 garbage-first heap   total 258048K, used 26579K [0x0000000704e00000, 0x0000000800000000)
  region size 2048K, 4 young (8192K), 4 survivors (8192K)
 Metaspace       used 21239K, committed 21504K, reserved 1114112K
  class space    used 2467K, committed 2624K, reserved 1048576K
}
Event: 3.775 GC heap before
{Heap before GC invocations=5 (full 0):
 garbage-first heap   total 102400K, used 77779K [0x0000000704e00000, 0x0000000800000000)
  region size 2048K, 30 young (61440K), 4 survivors (8192K)
 Metaspace       used 25299K, committed 25664K, reserved 1114112K
  class space    used 2870K, committed 3072K, reserved 1048576K
}
Event: 3.788 GC heap after
{Heap after GC invocations=6 (full 0):
 garbage-first heap   total 110592K, used 47607K [0x0000000704e00000, 0x0000000800000000)
  region size 2048K, 4 young (8192K), 4 survivors (8192K)
 Metaspace       used 25299K, committed 25664K, reserved 1114112K
  class space    used 2870K, committed 3072K, reserved 1048576K
}
Event: 3.792 GC heap before
{Heap before GC invocations=6 (full 0):
 garbage-first heap   total 110592K, used 49655K [0x0000000704e00000, 0x0000000800000000)
  region size 2048K, 5 young (10240K), 4 survivors (8192K)
 Metaspace       used 25310K, committed 25664K, reserved 1114112K
  class space    used 2870K, committed 3072K, reserved 1048576K
}
Event: 3.797 GC heap after
{Heap after GC invocations=7 (full 0):
 garbage-first heap   total 110592K, used 50379K [0x0000000704e00000, 0x0000000800000000)
  region size 2048K, 1 young (2048K), 1 survivors (2048K)
 Metaspace       used 25310K, committed 25664K, reserved 1114112K
  class space    used 2870K, committed 3072K, reserved 1048576K
}
Event: 4.216 GC heap before
{Heap before GC invocations=7 (full 0):
 garbage-first heap   total 110592K, used 79051K [0x0000000704e00000, 0x0000000800000000)
  region size 2048K, 15 young (30720K), 1 survivors (2048K)
 Metaspace       used 26037K, committed 26368K, reserved 1114112K
  class space    used 2939K, committed 3072K, reserved 1048576K
}
Event: 4.225 GC heap after
{Heap after GC invocations=8 (full 0):
 garbage-first heap   total 110592K, used 56320K [0x0000000704e00000, 0x0000000800000000)
  region size 2048K, 2 young (4096K), 2 survivors (4096K)
 Metaspace       used 26037K, committed 26368K, reserved 1114112K
  class space    used 2939K, committed 3072K, reserved 1048576K
}
Event: 4.400 GC heap before
{Heap before GC invocations=8 (full 0):
 garbage-first heap   total 110592K, used 72704K [0x0000000704e00000, 0x0000000800000000)
  region size 2048K, 11 young (22528K), 2 survivors (4096K)
 Metaspace       used 26275K, committed 26624K, reserved 1114112K
  class space    used 2953K, committed 3136K, reserved 1048576K
}
Event: 4.410 GC heap after
{Heap after GC invocations=9 (full 0):
 garbage-first heap   total 241664K, used 60883K [0x0000000704e00000, 0x0000000800000000)
  region size 2048K, 2 young (4096K), 2 survivors (4096K)
 Metaspace       used 26275K, committed 26624K, reserved 1114112K
  class space    used 2953K, committed 3136K, reserved 1048576K
}
Event: 5.582 GC heap before
{Heap before GC invocations=9 (full 0):
 garbage-first heap   total 241664K, used 165331K [0x0000000704e00000, 0x0000000800000000)
  region size 2048K, 52 young (106496K), 2 survivors (4096K)
 Metaspace       used 28948K, committed 29248K, reserved 1114112K
  class space    used 3220K, committed 3392K, reserved 1048576K
}
Event: 5.590 GC heap after
{Heap after GC invocations=10 (full 0):
 garbage-first heap   total 241664K, used 66116K [0x0000000704e00000, 0x0000000800000000)
  region size 2048K, 4 young (8192K), 4 survivors (8192K)
 Metaspace       used 28948K, committed 29248K, reserved 1114112K
  class space    used 3220K, committed 3392K, reserved 1048576K
}
Event: 6.022 GC heap before
{Heap before GC invocations=10 (full 0):
 garbage-first heap   total 241664K, used 170564K [0x0000000704e00000, 0x0000000800000000)
  region size 2048K, 55 young (112640K), 4 survivors (8192K)
 Metaspace       used 29505K, committed 29888K, reserved 1114112K
  class space    used 3274K, committed 3456K, reserved 1048576K
}
Event: 6.030 GC heap after
{Heap after GC invocations=11 (full 0):
 garbage-first heap   total 241664K, used 67255K [0x0000000704e00000, 0x0000000800000000)
  region size 2048K, 5 young (10240K), 5 survivors (10240K)
 Metaspace       used 29505K, committed 29888K, reserved 1114112K
  class space    used 3274K, committed 3456K, reserved 1048576K
}
Event: 7.174 GC heap before
{Heap before GC invocations=11 (full 0):
 garbage-first heap   total 241664K, used 173751K [0x0000000704e00000, 0x0000000800000000)
  region size 2048K, 58 young (118784K), 5 survivors (10240K)
 Metaspace       used 31186K, committed 31552K, reserved 1114112K
  class space    used 3429K, committed 3584K, reserved 1048576K
}
Event: 7.192 GC heap after
{Heap after GC invocations=12 (full 0):
 garbage-first heap   total 241664K, used 92841K [0x0000000704e00000, 0x0000000800000000)
  region size 2048K, 8 young (16384K), 8 survivors (16384K)
 Metaspace       used 31186K, committed 31552K, reserved 1114112K
  class space    used 3429K, committed 3584K, reserved 1048576K
}
Event: 8.100 GC heap before
{Heap before GC invocations=12 (full 0):
 garbage-first heap   total 241664K, used 172713K [0x0000000704e00000, 0x0000000800000000)
  region size 2048K, 47 young (96256K), 8 survivors (16384K)
 Metaspace       used 33081K, committed 33408K, reserved 1114112K
  class space    used 3631K, committed 3776K, reserved 1048576K
}
Event: 8.106 GC heap after
{Heap after GC invocations=13 (full 0):
 garbage-first heap   total 241664K, used 89834K [0x0000000704e00000, 0x0000000800000000)
  region size 2048K, 3 young (6144K), 3 survivors (6144K)
 Metaspace       used 33081K, committed 33408K, reserved 1114112K
  class space    used 3631K, committed 3776K, reserved 1048576K
}

