# JRE version: OpenJDK Runtime Environment Temurin-17.0.9+9 (17.0.9+9) (build 17.0.9+9)
# Java VM: OpenJDK 64-Bit Server VM Temurin-17.0.9+9 (17.0.9+9, mixed mode, emulated-client, sharing, tiered, compressed oops, compressed class ptrs, g1 gc, windows-amd64)
GC Precious Log:
 CPUs: 12 total, 12 available
 Memory: 16068M
 Large Page Support: Disabled
 NUMA Support: Disabled
 Compressed Oops: Enabled (Zero based)
 Heap Region Size: 2M
 Heap Min Capacity: 8M
 Heap Initial Capacity: 252M
 Heap Max Capacity: 4018M
 Pre-touch: Disabled
 Parallel Workers: 10
 Concurrent Workers: 3
 Concurrent Refinement Workers: 10
 Periodic GC: Disabled
Heap:
 garbage-first heap   total 143360K, used 58584K [0x0000000704e00000, 0x0000000800000000)
  region size 2048K, 4 young (8192K), 4 survivors (8192K)
 Metaspace       used 80099K, committed 80768K, reserved 1179648K
  class space    used 11518K, committed 11840K, reserved 1048576K
GC Heap History (20 events):
Event: 7563.256 GC heap after
{Heap after GC invocations=33 (full 2):
 garbage-first heap   total 151552K, used 51075K [0x0000000704e00000, 0x0000000800000000)
  region size 2048K, 4 young (8192K), 4 survivors (8192K)
 Metaspace       used 79527K, committed 80256K, reserved 1179648K
  class space    used 11469K, committed 11840K, reserved 1048576K
}
Event: 7563.851 GC heap before
{Heap before GC invocations=33 (full 2):
 garbage-first heap   total 151552K, used 114563K [0x0000000704e00000, 0x0000000800000000)
  region size 2048K, 35 young (71680K), 4 survivors (8192K)
 Metaspace       used 79557K, committed 80256K, reserved 1179648K
  class space    used 11471K, committed 11840K, reserved 1048576K
}
Event: 7563.856 GC heap after
{Heap after GC invocations=34 (full 2):
 garbage-first heap   total 151552K, used 55051K [0x0000000704e00000, 0x0000000800000000)
  region size 2048K, 4 young (8192K), 4 survivors (8192K)
 Metaspace       used 79557K, committed 80256K, reserved 1179648K
  class space    used 11471K, committed 11840K, reserved 1048576K
}
Event: 7894.472 GC heap before
{Heap before GC invocations=34 (full 2):
 garbage-first heap   total 151552K, used 116491K [0x0000000704e00000, 0x0000000800000000)
  region size 2048K, 34 young (69632K), 4 survivors (8192K)
 Metaspace       used 79576K, committed 80320K, reserved 1179648K
  class space    used 11475K, committed 11840K, reserved 1048576K
}
Event: 7894.486 GC heap after
{Heap after GC invocations=35 (full 2):
 garbage-first heap   total 151552K, used 57708K [0x0000000704e00000, 0x0000000800000000)
  region size 2048K, 4 young (8192K), 4 survivors (8192K)
 Metaspace       used 79576K, committed 80320K, reserved 1179648K
  class space    used 11475K, committed 11840K, reserved 1048576K
}
Event: 9345.274 GC heap before
{Heap before GC invocations=35 (full 2):
 garbage-first heap   total 151552K, used 115052K [0x0000000704e00000, 0x0000000800000000)
  region size 2048K, 32 young (65536K), 4 survivors (8192K)
 Metaspace       used 79577K, committed 80320K, reserved 1179648K
  class space    used 11476K, committed 11840K, reserved 1048576K
}
Event: 9345.290 GC heap after
{Heap after GC invocations=36 (full 2):
 garbage-first heap   total 151552K, used 58230K [0x0000000704e00000, 0x0000000800000000)
  region size 2048K, 3 young (6144K), 3 survivors (6144K)
 Metaspace       used 79577K, committed 80320K, reserved 1179648K
  class space    used 11476K, committed 11840K, reserved 1048576K
}
Event: 10865.505 GC heap before
{Heap before GC invocations=36 (full 2):
 garbage-first heap   total 151552K, used 115574K [0x0000000704e00000, 0x0000000800000000)
  region size 2048K, 31 young (63488K), 3 survivors (6144K)
 Metaspace       used 79577K, committed 80320K, reserved 1179648K
  class space    used 11476K, committed 11840K, reserved 1048576K
}
Event: 10865.508 GC heap after
{Heap after GC invocations=37 (full 2):
 garbage-first heap   total 151552K, used 58210K [0x0000000704e00000, 0x0000000800000000)
  region size 2048K, 3 young (6144K), 3 survivors (6144K)
 Metaspace       used 79577K, committed 80320K, reserved 1179648K
  class space    used 11476K, committed 11840K, reserved 1048576K
}
Event: 11251.549 GC heap before
{Heap before GC invocations=37 (full 2):
 garbage-first heap   total 151552K, used 78690K [0x0000000704e00000, 0x0000000800000000)
  region size 2048K, 14 young (28672K), 3 survivors (6144K)
 Metaspace       used 79579K, committed 80320K, reserved 1179648K
  class space    used 11477K, committed 11840K, reserved 1048576K
}
Event: 11251.669 GC heap after
{Heap after GC invocations=38 (full 3):
 garbage-first heap   total 143360K, used 38960K [0x0000000704e00000, 0x0000000800000000)
  region size 2048K, 0 young (0K), 0 survivors (0K)
 Metaspace       used 79516K, committed 80320K, reserved 1179648K
  class space    used 11466K, committed 11840K, reserved 1048576K
}
Event: 11252.454 GC heap before
{Heap before GC invocations=38 (full 3):
 garbage-first heap   total 143360K, used 112688K [0x0000000704e00000, 0x0000000800000000)
  region size 2048K, 36 young (73728K), 0 survivors (0K)
 Metaspace       used 79626K, committed 80320K, reserved 1179648K
  class space    used 11479K, committed 11840K, reserved 1048576K
}
Event: 11252.461 GC heap after
{Heap after GC invocations=39 (full 3):
 garbage-first heap   total 143360K, used 44413K [0x0000000704e00000, 0x0000000800000000)
  region size 2048K, 3 young (6144K), 3 survivors (6144K)
 Metaspace       used 79626K, committed 80320K, reserved 1179648K
  class space    used 11479K, committed 11840K, reserved 1048576K
}
Event: 11253.299 GC heap before
{Heap before GC invocations=39 (full 3):
 garbage-first heap   total 143360K, used 111997K [0x0000000704e00000, 0x0000000800000000)
  region size 2048K, 36 young (73728K), 3 survivors (6144K)
 Metaspace       used 79756K, committed 80448K, reserved 1179648K
  class space    used 11490K, committed 11840K, reserved 1048576K
}
Event: 11253.309 GC heap after
{Heap after GC invocations=40 (full 3):
 garbage-first heap   total 143360K, used 48240K [0x0000000704e00000, 0x0000000800000000)
  region size 2048K, 3 young (6144K), 3 survivors (6144K)
 Metaspace       used 79756K, committed 80448K, reserved 1179648K
  class space    used 11490K, committed 11840K, reserved 1048576K
}
Event: 11253.790 GC heap before
{Heap before GC invocations=40 (full 3):
 garbage-first heap   total 143360K, used 109680K [0x0000000704e00000, 0x0000000800000000)
  region size 2048K, 33 young (67584K), 3 survivors (6144K)
 Metaspace       used 80037K, committed 80704K, reserved 1179648K
  class space    used 11511K, committed 11840K, reserved 1048576K
}
Event: 11253.794 GC heap after
{Heap after GC invocations=41 (full 3):
 garbage-first heap   total 143360K, used 50899K [0x0000000704e00000, 0x0000000800000000)
  region size 2048K, 4 young (8192K), 4 survivors (8192K)
 Metaspace       used 80037K, committed 80704K, reserved 1179648K
  class space    used 11511K, committed 11840K, reserved 1048576K
}
Event: 11254.439 GC heap before
{Heap before GC invocations=41 (full 3):
 garbage-first heap   total 143360K, used 112339K [0x0000000704e00000, 0x0000000800000000)
  region size 2048K, 34 young (69632K), 4 survivors (8192K)
 Metaspace       used 80076K, committed 80768K, reserved 1179648K
  class space    used 11515K, committed 11840K, reserved 1048576K
}
Event: 11254.447 GC heap after
{Heap after GC invocations=42 (full 3):
 garbage-first heap   total 143360K, used 54780K [0x0000000704e00000, 0x0000000800000000)
  region size 2048K, 4 young (8192K), 4 survivors (8192K)
 Metaspace       used 80076K, committed 80768K, reserved 1179648K
  class space    used 11515K, committed 11840K, reserved 1048576K
}
Event: 11284.932 GC heap before
{Heap before GC invocations=42 (full 3):
 garbage-first heap   total 143360K, used 114172K [0x0000000704e00000, 0x0000000800000000)
  region size 2048K, 33 young (67584K), 4 survivors (8192K)
 Metaspace       used 80099K, committed 80768K, reserved 1179648K
  class space    used 11518K, committed 11840K, reserved 1048576K
}

