# JRE version: OpenJDK Runtime Environment Temurin-17.0.9+9 (17.0.9+9) (build 17.0.9+9)
# Java VM: OpenJDK 64-Bit Server VM Temurin-17.0.9+9 (17.0.9+9, mixed mode, sharing, tiered, compressed oops, compressed class ptrs, g1 gc, windows-amd64)
GC Precious Log:
 CPUs: 12 total, 12 available
 Memory: 16068M
 Large Page Support: Disabled
 NUMA Support: Disabled
 Compressed Oops: Enabled (Zero based)
 Heap Region Size: 2M
 Heap Min Capacity: 8M
 Heap Initial Capacity: 252M
 Heap Max Capacity: 4018M
 Pre-touch: Disabled
 Parallel Workers: 10
 Concurrent Workers: 3
 Concurrent Refinement Workers: 10
 Periodic GC: Disabled
Heap:
 garbage-first heap   total 116736K, used 62310K [0x0000000704e00000, 0x0000000800000000)
  region size 2048K, 18 young (36864K), 4 survivors (8192K)
 Metaspace       used 67372K, committed 67904K, reserved 1114112K
  class space    used 9289K, committed 9536K, reserved 1048576K
GC Heap History (20 events):
Event: 2.230 GC heap before
{Heap before GC invocations=5 (full 0):
 garbage-first heap   total 69632K, used 49866K [0x0000000704e00000, 0x0000000800000000)
  region size 2048K, 20 young (40960K), 3 survivors (6144K)
 Metaspace       used 25920K, committed 26240K, reserved 1114112K
  class space    used 3297K, committed 3456K, reserved 1048576K
}
Event: 2.238 GC heap after
{Heap after GC invocations=6 (full 0):
 garbage-first heap   total 69632K, used 18862K [0x0000000704e00000, 0x0000000800000000)
  region size 2048K, 3 young (6144K), 3 survivors (6144K)
 Metaspace       used 25920K, committed 26240K, reserved 1114112K
  class space    used 3297K, committed 3456K, reserved 1048576K
}
Event: 2.258 GC heap before
{Heap before GC invocations=6 (full 0):
 garbage-first heap   total 69632K, used 20910K [0x0000000704e00000, 0x0000000800000000)
  region size 2048K, 4 young (8192K), 3 survivors (6144K)
 Metaspace       used 26003K, committed 26304K, reserved 1114112K
  class space    used 3309K, committed 3456K, reserved 1048576K
}
Event: 2.262 GC heap after
{Heap after GC invocations=7 (full 0):
 garbage-first heap   total 83968K, used 19644K [0x0000000704e00000, 0x0000000800000000)
  region size 2048K, 1 young (2048K), 1 survivors (2048K)
 Metaspace       used 26003K, committed 26304K, reserved 1114112K
  class space    used 3309K, committed 3456K, reserved 1048576K
}
Event: 2.633 GC heap before
{Heap before GC invocations=7 (full 0):
 garbage-first heap   total 83968K, used 54460K [0x0000000704e00000, 0x0000000800000000)
  region size 2048K, 18 young (36864K), 1 survivors (2048K)
 Metaspace       used 27871K, committed 28224K, reserved 1114112K
  class space    used 3539K, committed 3712K, reserved 1048576K
}
Event: 2.638 GC heap after
{Heap after GC invocations=8 (full 0):
 garbage-first heap   total 83968K, used 21191K [0x0000000704e00000, 0x0000000800000000)
  region size 2048K, 2 young (4096K), 2 survivors (4096K)
 Metaspace       used 27871K, committed 28224K, reserved 1114112K
  class space    used 3539K, committed 3712K, reserved 1048576K
}
Event: 3.149 GC heap before
{Heap before GC invocations=8 (full 0):
 garbage-first heap   total 83968K, used 56007K [0x0000000704e00000, 0x0000000800000000)
  region size 2048K, 19 young (38912K), 2 survivors (4096K)
 Metaspace       used 31556K, committed 31872K, reserved 1114112K
  class space    used 4071K, committed 4224K, reserved 1048576K
}
Event: 3.154 GC heap after
{Heap after GC invocations=9 (full 0):
 garbage-first heap   total 83968K, used 23281K [0x0000000704e00000, 0x0000000800000000)
  region size 2048K, 3 young (6144K), 3 survivors (6144K)
 Metaspace       used 31556K, committed 31872K, reserved 1114112K
  class space    used 4071K, committed 4224K, reserved 1048576K
}
Event: 3.750 GC heap before
{Heap before GC invocations=9 (full 0):
 garbage-first heap   total 83968K, used 58097K [0x0000000704e00000, 0x0000000800000000)
  region size 2048K, 20 young (40960K), 3 survivors (6144K)
 Metaspace       used 35577K, committed 35968K, reserved 1114112K
  class space    used 4746K, committed 4928K, reserved 1048576K
}
Event: 3.760 GC heap after
{Heap after GC invocations=10 (full 0):
 garbage-first heap   total 83968K, used 25942K [0x0000000704e00000, 0x0000000800000000)
  region size 2048K, 3 young (6144K), 3 survivors (6144K)
 Metaspace       used 35577K, committed 35968K, reserved 1114112K
  class space    used 4746K, committed 4928K, reserved 1048576K
}
Event: 3.764 GC heap before
{Heap before GC invocations=10 (full 0):
 garbage-first heap   total 83968K, used 25942K [0x0000000704e00000, 0x0000000800000000)
  region size 2048K, 4 young (8192K), 3 survivors (6144K)
 Metaspace       used 35644K, committed 35968K, reserved 1114112K
  class space    used 4751K, committed 4928K, reserved 1048576K
}
Event: 3.771 GC heap after
{Heap after GC invocations=11 (full 0):
 garbage-first heap   total 83968K, used 26230K [0x0000000704e00000, 0x0000000800000000)
  region size 2048K, 2 young (4096K), 2 survivors (4096K)
 Metaspace       used 35644K, committed 35968K, reserved 1114112K
  class space    used 4751K, committed 4928K, reserved 1048576K
}
Event: 4.322 GC heap before
{Heap before GC invocations=12 (full 0):
 garbage-first heap   total 83968K, used 58998K [0x0000000704e00000, 0x0000000800000000)
  region size 2048K, 19 young (38912K), 2 survivors (4096K)
 Metaspace       used 40407K, committed 40768K, reserved 1114112K
  class space    used 5354K, committed 5504K, reserved 1048576K
}
Event: 4.329 GC heap after
{Heap after GC invocations=13 (full 0):
 garbage-first heap   total 131072K, used 27923K [0x0000000704e00000, 0x0000000800000000)
  region size 2048K, 3 young (6144K), 3 survivors (6144K)
 Metaspace       used 40407K, committed 40768K, reserved 1114112K
  class space    used 5354K, committed 5504K, reserved 1048576K
}
Event: 5.375 GC heap before
{Heap before GC invocations=13 (full 0):
 garbage-first heap   total 131072K, used 99603K [0x0000000704e00000, 0x0000000800000000)
  region size 2048K, 38 young (77824K), 3 survivors (6144K)
 Metaspace       used 56367K, committed 56768K, reserved 1114112K
  class space    used 7663K, committed 7872K, reserved 1048576K
}
Event: 5.382 GC heap after
{Heap after GC invocations=14 (full 0):
 garbage-first heap   total 131072K, used 30721K [0x0000000704e00000, 0x0000000800000000)
  region size 2048K, 4 young (8192K), 4 survivors (8192K)
 Metaspace       used 56367K, committed 56768K, reserved 1114112K
  class space    used 7663K, committed 7872K, reserved 1048576K
}
Event: 5.622 GC heap before
{Heap before GC invocations=14 (full 0):
 garbage-first heap   total 131072K, used 47105K [0x0000000704e00000, 0x0000000800000000)
  region size 2048K, 13 young (26624K), 4 survivors (8192K)
 Metaspace       used 59700K, committed 60096K, reserved 1114112K
  class space    used 8256K, committed 8448K, reserved 1048576K
}
Event: 5.628 GC heap after
{Heap after GC invocations=15 (full 0):
 garbage-first heap   total 131072K, used 31381K [0x0000000704e00000, 0x0000000800000000)
  region size 2048K, 3 young (6144K), 3 survivors (6144K)
 Metaspace       used 59700K, committed 60096K, reserved 1114112K
  class space    used 8256K, committed 8448K, reserved 1048576K
}
Event: 6.548 GC heap before
{Heap before GC invocations=16 (full 0):
 garbage-first heap   total 116736K, used 94869K [0x0000000704e00000, 0x0000000800000000)
  region size 2048K, 34 young (69632K), 3 survivors (6144K)
 Metaspace       used 65495K, committed 65920K, reserved 1114112K
  class space    used 9046K, committed 9216K, reserved 1048576K
}
Event: 6.565 GC heap after
{Heap after GC invocations=17 (full 0):
 garbage-first heap   total 116736K, used 35686K [0x0000000704e00000, 0x0000000800000000)
  region size 2048K, 4 young (8192K), 4 survivors (8192K)
 Metaspace       used 65495K, committed 65920K, reserved 1114112K
  class space    used 9046K, committed 9216K, reserved 1048576K
}

