# JRE version: OpenJDK Runtime Environment Temurin-17.0.9+9 (17.0.9+9) (build 17.0.9+9)
# Java VM: OpenJDK 64-Bit Server VM Temurin-17.0.9+9 (17.0.9+9, mixed mode, sharing, tiered, compressed oops, compressed class ptrs, g1 gc, windows-amd64)
GC Precious Log:
 CPUs: 12 total, 12 available
 Memory: 16068M
 Large Page Support: Disabled
 NUMA Support: Disabled
 Compressed Oops: Enabled (Zero based)
 Heap Region Size: 2M
 Heap Min Capacity: 8M
 Heap Initial Capacity: 252M
 Heap Max Capacity: 4018M
 Pre-touch: Disabled
 Parallel Workers: 10
 Concurrent Workers: 3
 Concurrent Refinement Workers: 10
 Periodic GC: Disabled
Heap:
 garbage-first heap   total 253952K, used 92182K [0x0000000704e00000, 0x0000000800000000)
  region size 2048K, 17 young (34816K), 5 survivors (10240K)
 Metaspace       used 33890K, committed 34240K, reserved 1114112K
  class space    used 3832K, committed 4032K, reserved 1048576K
GC Heap History (20 events):
Event: 1.847 GC heap before
{Heap before GC invocations=2 (full 0):
 garbage-first heap   total 258048K, used 156863K [0x0000000704e00000, 0x0000000800000000)
  region size 2048K, 75 young (153600K), 1 survivors (2048K)
 Metaspace       used 16053K, committed 16256K, reserved 1114112K
  class space    used 1840K, committed 1920K, reserved 1048576K
}
Event: 1.858 GC heap after
{Heap after GC invocations=3 (full 0):
 garbage-first heap   total 258048K, used 20568K [0x0000000704e00000, 0x0000000800000000)
  region size 2048K, 9 young (18432K), 9 survivors (18432K)
 Metaspace       used 16053K, committed 16256K, reserved 1114112K
  class space    used 1840K, committed 1920K, reserved 1048576K
}
Event: 2.728 GC heap before
{Heap before GC invocations=3 (full 0):
 garbage-first heap   total 258048K, used 94296K [0x0000000704e00000, 0x0000000800000000)
  region size 2048K, 46 young (94208K), 9 survivors (18432K)
 Metaspace       used 21229K, committed 21504K, reserved 1114112K
  class space    used 2466K, committed 2624K, reserved 1048576K
}
Event: 2.738 GC heap after
{Heap after GC invocations=4 (full 0):
 garbage-first heap   total 258048K, used 25574K [0x0000000704e00000, 0x0000000800000000)
  region size 2048K, 3 young (6144K), 3 survivors (6144K)
 Metaspace       used 21229K, committed 21504K, reserved 1114112K
  class space    used 2466K, committed 2624K, reserved 1048576K
}
Event: 3.348 GC heap before
{Heap before GC invocations=5 (full 0):
 garbage-first heap   total 96256K, used 74726K [0x0000000704e00000, 0x0000000800000000)
  region size 2048K, 28 young (57344K), 3 survivors (6144K)
 Metaspace       used 25203K, committed 25536K, reserved 1114112K
  class space    used 2869K, committed 3072K, reserved 1048576K
}
Event: 3.360 GC heap after
{Heap after GC invocations=6 (full 0):
 garbage-first heap   total 104448K, used 45774K [0x0000000704e00000, 0x0000000800000000)
  region size 2048K, 4 young (8192K), 4 survivors (8192K)
 Metaspace       used 25203K, committed 25536K, reserved 1114112K
  class space    used 2869K, committed 3072K, reserved 1048576K
}
Event: 3.371 GC heap before
{Heap before GC invocations=6 (full 0):
 garbage-first heap   total 104448K, used 47822K [0x0000000704e00000, 0x0000000800000000)
  region size 2048K, 5 young (10240K), 4 survivors (8192K)
 Metaspace       used 25211K, committed 25600K, reserved 1114112K
  class space    used 2869K, committed 3072K, reserved 1048576K
}
Event: 3.376 GC heap after
{Heap after GC invocations=7 (full 0):
 garbage-first heap   total 126976K, used 48040K [0x0000000704e00000, 0x0000000800000000)
  region size 2048K, 1 young (2048K), 1 survivors (2048K)
 Metaspace       used 25211K, committed 25600K, reserved 1114112K
  class space    used 2869K, committed 3072K, reserved 1048576K
}
Event: 3.930 GC heap before
{Heap before GC invocations=7 (full 0):
 garbage-first heap   total 126976K, used 86952K [0x0000000704e00000, 0x0000000800000000)
  region size 2048K, 20 young (40960K), 1 survivors (2048K)
 Metaspace       used 26709K, committed 27072K, reserved 1114112K
  class space    used 3015K, committed 3200K, reserved 1048576K
}
Event: 3.942 GC heap after
{Heap after GC invocations=8 (full 0):
 garbage-first heap   total 126976K, used 55280K [0x0000000704e00000, 0x0000000800000000)
  region size 2048K, 3 young (6144K), 3 survivors (6144K)
 Metaspace       used 26709K, committed 27072K, reserved 1114112K
  class space    used 3015K, committed 3200K, reserved 1048576K
}
Event: 4.386 GC heap before
{Heap before GC invocations=8 (full 0):
 garbage-first heap   total 126976K, used 90096K [0x0000000704e00000, 0x0000000800000000)
  region size 2048K, 21 young (43008K), 3 survivors (6144K)
 Metaspace       used 28334K, committed 28672K, reserved 1114112K
  class space    used 3214K, committed 3392K, reserved 1048576K
}
Event: 4.392 GC heap after
{Heap after GC invocations=9 (full 0):
 garbage-first heap   total 126976K, used 56922K [0x0000000704e00000, 0x0000000800000000)
  region size 2048K, 1 young (2048K), 1 survivors (2048K)
 Metaspace       used 28334K, committed 28672K, reserved 1114112K
  class space    used 3214K, committed 3392K, reserved 1048576K
}
Event: 4.906 GC heap before
{Heap before GC invocations=9 (full 0):
 garbage-first heap   total 126976K, used 91738K [0x0000000704e00000, 0x0000000800000000)
  region size 2048K, 19 young (38912K), 1 survivors (2048K)
 Metaspace       used 29650K, committed 29952K, reserved 1114112K
  class space    used 3377K, committed 3520K, reserved 1048576K
}
Event: 4.913 GC heap after
{Heap after GC invocations=10 (full 0):
 garbage-first heap   total 126976K, used 58532K [0x0000000704e00000, 0x0000000800000000)
  region size 2048K, 2 young (4096K), 2 survivors (4096K)
 Metaspace       used 29650K, committed 29952K, reserved 1114112K
  class space    used 3377K, committed 3520K, reserved 1048576K
}
Event: 5.429 GC heap before
{Heap before GC invocations=11 (full 0):
 garbage-first heap   total 126976K, used 93348K [0x0000000704e00000, 0x0000000800000000)
  region size 2048K, 20 young (40960K), 2 survivors (4096K)
 Metaspace       used 29683K, committed 30016K, reserved 1114112K
  class space    used 3377K, committed 3520K, reserved 1048576K
}
Event: 5.438 GC heap after
{Heap after GC invocations=12 (full 0):
 garbage-first heap   total 253952K, used 74594K [0x0000000704e00000, 0x0000000800000000)
  region size 2048K, 3 young (6144K), 3 survivors (6144K)
 Metaspace       used 29683K, committed 30016K, reserved 1114112K
  class space    used 3377K, committed 3520K, reserved 1048576K
}
Event: 5.514 GC heap before
{Heap before GC invocations=12 (full 0):
 garbage-first heap   total 253952K, used 78690K [0x0000000704e00000, 0x0000000800000000)
  region size 2048K, 6 young (12288K), 3 survivors (6144K)
 Metaspace       used 29699K, committed 30016K, reserved 1114112K
  class space    used 3377K, committed 3520K, reserved 1048576K
}
Event: 5.518 GC heap after
{Heap after GC invocations=13 (full 0):
 garbage-first heap   total 253952K, used 63114K [0x0000000704e00000, 0x0000000800000000)
  region size 2048K, 1 young (2048K), 1 survivors (2048K)
 Metaspace       used 29699K, committed 30016K, reserved 1114112K
  class space    used 3377K, committed 3520K, reserved 1048576K
}
Event: 6.273 GC heap before
{Heap before GC invocations=13 (full 0):
 garbage-first heap   total 253952K, used 151178K [0x0000000704e00000, 0x0000000800000000)
  region size 2048K, 44 young (90112K), 1 survivors (2048K)
 Metaspace       used 31510K, committed 31872K, reserved 1114112K
  class space    used 3571K, committed 3712K, reserved 1048576K
}
Event: 6.278 GC heap after
{Heap after GC invocations=14 (full 0):
 garbage-first heap   total 253952K, used 69654K [0x0000000704e00000, 0x0000000800000000)
  region size 2048K, 5 young (10240K), 5 survivors (10240K)
 Metaspace       used 31510K, committed 31872K, reserved 1114112K
  class space    used 3571K, committed 3712K, reserved 1048576K
}

